
ROM used:   1159/8192 (14%)
            1159/8192 (14%) including unused fragments

            1.2 Average locations per line
            4.6 Average locations per statement

RAM used:   31/368 (8%) at main() level
            32/368 (9%) worst case

Stack used: 1 worst case (1 in main + 0 for interrupts)
Stack size: 8

Lines Stmts  %   Files
----- ----- ---  -----
  302   253 100  main.c
    9     0   0  main.h
  694     0   0  C:\Program Files (x86)\PICC\Devices\16F877A.h
----- -----
 1005   253 Total

Page ROM  %  RAM    Vol Diff  Functions:
---- --- --- ---    --- ----  ----------
0     21   2    1             @delay_ms1
0     20   2    1             @delay_us1
0   1114  96    1   9428  5.5  main
 Inline         0             @cinit1

Program metrics:
    Functions               1
    Statements              253
    Comments                124
    Volume (V)              9438
    Difficulty (D)          5.4
    Effort to implement (E) 51372
    Time to implement (T)   48 minutes
    Est Delivered Bugs (B)  0
    Cyclomatic Complexity   36
    Maintainability (MI)    -24

 Segment     Used  Free
-----------  ----  ----
00000-00003     4  0  
00004-007FF  1155  889  
00800-00FFF     0  2048  
01000-017FF     0  2048  
01800-01FFF     0  2048  



