
ROM used:   2276/8192 (28%)
            3020/8192 (37%) including unused fragments

            1.4 Average locations per line
            6.0 Average locations per statement

RAM used:   42/368 (11%) at main() level
            60/368 (16%) worst case

Stack used: 6 worst case (6 in main + 0 for interrupts)
Stack size: 8

Lines Stmts  %   Files
----- ----- ---  -----
  382   274  72  temp.c
  694     0   0  ..\..\..\..\..\Program Files (x86)\PICC\devices\16F877A.h
  456    84  22  ..\..\..\..\..\Program Files (x86)\PICC\drivers\lcd.c
   46    20   5  DriverTec4x4.c
----- -----
 1578   378 Total

Page ROM  %  RAM    Vol Diff  Functions:
---- --- --- ---    --- ----  ----------
0     21   1    1             @delay_ms1
 Inline         3    596  5.9  lcd_read_byte
0      6   0    0     59  4.2  lcd_read_nibble
0     12   1    1    179  3.3  lcd_send_nibble
0     64   3    3    460  4.7  lcd_send_byte
0     62   3    6    814  7.2  lcd_init
0     18   1    4    208  6.3  lcd_gotoxy
0     44   2    1    354  4.7  lcd_putc
0     41   2    2    694  9.0  LeerTeclado
0     30   1    0     86  1.3  EjecuConversor
 Inline         6    156  2.8  DescomponerDigitos
0     37   2    5             @DIV1616
0    425  19    8    197  3.0  ProcesarSenal
 Inline         4             @DTOF
0    117   5   13             @MULFF
 Inline        14             @DIVFF
 Inline         4             @SFTOI
0     90   4    4   1601  4.8  ProcesarTeclado
0     20   1    0             @goto14590
0     36   2    0    143  1.7  VisualizarLCD
0      4   0    0             @const770
0     86   4    4             @PSTRINGC7_693
0      1   0    0             @const775
0      3   0    0             @const776
1    972  43    4   6662  8.9  MAIN
0      7   0    0             @const780
0      6   0    0             @const781
0      9   0    0             @const782
0      4   0    0             @const783
0      1   0    0             @const786
0     21   1    5             @MUL1616
0     37   2    2             @MUL88
0      9   0    0             @const794
0      4   0    0             @const795
0      1   0    0             @const798
0      3   0    0             @const799
0      1   0    0             @const802
0      3   0    0             @const803
0      1   0    0             @const806
0      3   0    0             @const807
0      3   0    0             @const809
0      3   0    0             @const810
0      8   0    0             @const811
0      8   0    0             @const812
0      8   0    0             @const813
0      9   0    0             @const814
0      9   0    0             @const815
0      8   0    0             @const816
0      8   0    0             @const817
0      9   0    0             @const818
 Inline         0             @cinit1

Program metrics:
    Functions               14
    Statements              378
    Comments                277
    Volume (V)              17271
    Difficulty (D)          62.8
    Effort to implement (E) 1083782
    Time to implement (T)   16 hours, 44 minutes
    Est Delivered Bugs (B)  4
    Cyclomatic Complexity   42
    Maintainability (MI)    108

 Segment     Used  Free
-----------  ----  ----
00000-00003     4  0  
00004-007FF  1300  744  
00800-00FFF   972  1076  
01000-017FF     0  2048  
01800-01FFF     0  2048  



